[INFO] Scanning for projects...
[WARNING] 
[WARNING] Some problems were encountered while building the effective model for in.co.akshitbansal:spring-web-query-core:jar:0.5.0
[WARNING] 'build.plugins.plugin.version' for org.apache.maven.plugins:maven-compiler-plugin is missing. @ line 86, column 12
[WARNING] 
[WARNING] It is highly recommended to fix these problems because they threaten the stability of your build.
[WARNING] 
[WARNING] For this reason, future Maven versions might no longer support building such malformed projects.
[WARNING] 
[INFO] Inspecting build with total of 1 modules
[INFO] Installing Central Publishing features
[INFO] 
[INFO] --------------< in.co.akshitbansal:spring-web-query-core >--------------
[INFO] Building in.co.akshitbansal:spring-web-query-core 0.5.0
[INFO]   from pom.xml
[INFO] --------------------------------[ jar ]---------------------------------
[INFO] 
[INFO] --- clean:3.2.0:clean (default-clean) @ spring-web-query-core ---
[INFO] 
[INFO] --- resources:3.4.0:resources (default-resources) @ spring-web-query-core ---
[INFO] skip non existing resourceDirectory /home/runner/work/spring-web-query/spring-web-query/spring-web-query-core/src/main/resources
[INFO] 
[INFO] --- compiler:3.15.0:compile (default-compile) @ spring-web-query-core ---
[INFO] Recompiling the module because of changed source code.
[INFO] Compiling 29 source files with javac [debug release 21] to target/classes
[INFO] 
[INFO] --- resources:3.4.0:testResources (default-testResources) @ spring-web-query-core ---
[INFO] skip non existing resourceDirectory /home/runner/work/spring-web-query/spring-web-query/spring-web-query-core/src/test/resources
[INFO] 
[INFO] --- compiler:3.15.0:testCompile (default-testCompile) @ spring-web-query-core ---
[INFO] Recompiling the module because of changed dependency.
[INFO] Compiling 8 source files with javac [debug release 21] to target/test-classes
[INFO] 
[INFO] --- surefire:3.5.4:test (default-test) @ spring-web-query-core ---
[INFO] Using auto detected provider org.apache.maven.surefire.junitplatform.JUnitPlatformProvider
[INFO] 
[INFO] -------------------------------------------------------
[INFO]  T E S T S
[INFO] -------------------------------------------------------
[INFO] Running in.co.akshitbansal.springwebquery.DtoValidationRSQLVisitorTest
[INFO] Tests run: 8, Failures: 0, Errors: 0, Skipped: 0, Time elapsed: 0.102 s -- in in.co.akshitbansal.springwebquery.DtoValidationRSQLVisitorTest
[INFO] Running in.co.akshitbansal.springwebquery.WebQueryDtoAwareSpecificationArgumentResolverTest
[INFO] Tests run: 8, Failures: 0, Errors: 0, Skipped: 0, Time elapsed: 0.215 s -- in in.co.akshitbansal.springwebquery.WebQueryDtoAwareSpecificationArgumentResolverTest
[INFO] Running in.co.akshitbansal.springwebquery.WebQueryEntityAwareSpecificationArgumentResolverTest
[INFO] Tests run: 9, Failures: 0, Errors: 0, Skipped: 0, Time elapsed: 0.033 s -- in in.co.akshitbansal.springwebquery.WebQueryEntityAwareSpecificationArgumentResolverTest
[INFO] Running in.co.akshitbansal.springwebquery.EntityValidationRSQLVisitorTest
[INFO] Tests run: 7, Failures: 0, Errors: 0, Skipped: 0, Time elapsed: 0.019 s -- in in.co.akshitbansal.springwebquery.EntityValidationRSQLVisitorTest
[INFO] Running in.co.akshitbansal.springwebquery.WebQueryDtoAwarePageableArgumentResolverTest
[INFO] Tests run: 6, Failures: 0, Errors: 0, Skipped: 0, Time elapsed: 0.028 s -- in in.co.akshitbansal.springwebquery.WebQueryDtoAwarePageableArgumentResolverTest
[INFO] Running in.co.akshitbansal.springwebquery.util.ReflectionUtilTest
[INFO] Tests run: 5, Failures: 0, Errors: 0, Skipped: 0, Time elapsed: 0.016 s -- in in.co.akshitbansal.springwebquery.util.ReflectionUtilTest
[INFO] Running in.co.akshitbansal.springwebquery.util.AnnotationUtilTest
[INFO] Tests run: 8, Failures: 0, Errors: 0, Skipped: 0, Time elapsed: 0.029 s -- in in.co.akshitbansal.springwebquery.util.AnnotationUtilTest
[INFO] Running in.co.akshitbansal.springwebquery.WebQueryEntityAwarePageableArgumentResolverTest
[INFO] Tests run: 7, Failures: 0, Errors: 0, Skipped: 0, Time elapsed: 0.013 s -- in in.co.akshitbansal.springwebquery.WebQueryEntityAwarePageableArgumentResolverTest
[INFO] 
[INFO] Results:
[INFO] 
[INFO] Tests run: 58, Failures: 0, Errors: 0, Skipped: 0
[INFO] 
[INFO] 
[INFO] --- jar:3.5.0:jar (default-jar) @ spring-web-query-core ---
[INFO] Building jar: /home/runner/work/spring-web-query/spring-web-query/spring-web-query-core/target/spring-web-query-core-0.5.0.jar
[INFO] 
[INFO] --- javadoc:3.12.0:jar (attach-javadocs) @ spring-web-query-core ---
[INFO] Building jar: /home/runner/work/spring-web-query/spring-web-query/spring-web-query-core/target/spring-web-query-core-0.5.0-javadoc.jar
[INFO] 
[INFO] >>> source:3.4.0:jar (attach-sources) > generate-sources @ spring-web-query-core >>>
[INFO] 
[INFO] <<< source:3.4.0:jar (attach-sources) < generate-sources @ spring-web-query-core <<<
[INFO] 
[INFO] 
[INFO] --- source:3.4.0:jar (attach-sources) @ spring-web-query-core ---
[INFO] Building jar: /home/runner/work/spring-web-query/spring-web-query/spring-web-query-core/target/spring-web-query-core-0.5.0-sources.jar
[INFO] 
[INFO] --- gpg:3.2.8:sign (sign-artifacts) @ spring-web-query-core ---
[INFO] Downloading from central: https://repo.maven.apache.org/maven2/org/bouncycastle/bcprov-jdk18on/maven-metadata.xml
[INFO] Downloaded from central: https://repo.maven.apache.org/maven2/org/bouncycastle/bcprov-jdk18on/maven-metadata.xml (758 B at 2.6 kB/s)
[INFO] Downloading from central: https://repo.maven.apache.org/maven2/org/bouncycastle/bcutil-jdk18on/maven-metadata.xml
[INFO] Downloaded from central: https://repo.maven.apache.org/maven2/org/bouncycastle/bcutil-jdk18on/maven-metadata.xml (758 B at 42 kB/s)
[WARNING] 
[WARNING] W A R N I N G
[WARNING] 
[WARNING] Do not store passphrase in any file (disk or SCM repository),
[WARNING] instead rely on GnuPG agent or provide passphrase in 
[WARNING] MAVEN_GPG_PASSPHRASE environment variable for batch mode.
[WARNING] 
[WARNING] Sensitive content loaded from settings.xml
[WARNING] 
[INFO] Signer 'gpg' is signing 4 files with key default
[INFO] 
[INFO] --- install:3.1.4:install (default-install) @ spring-web-query-core ---
[INFO] Installing /home/runner/work/spring-web-query/spring-web-query/spring-web-query-core/pom.xml to /home/runner/.m2/repository/in/co/akshitbansal/spring-web-query-core/0.5.0/spring-web-query-core-0.5.0.pom
[INFO] Installing /home/runner/work/spring-web-query/spring-web-query/spring-web-query-core/target/spring-web-query-core-0.5.0.jar to /home/runner/.m2/repository/in/co/akshitbansal/spring-web-query-core/0.5.0/spring-web-query-core-0.5.0.jar
[INFO] Installing /home/runner/work/spring-web-query/spring-web-query/spring-web-query-core/target/spring-web-query-core-0.5.0-javadoc.jar to /home/runner/.m2/repository/in/co/akshitbansal/spring-web-query-core/0.5.0/spring-web-query-core-0.5.0-javadoc.jar
[INFO] Installing /home/runner/work/spring-web-query/spring-web-query/spring-web-query-core/target/spring-web-query-core-0.5.0-sources.jar to /home/runner/.m2/repository/in/co/akshitbansal/spring-web-query-core/0.5.0/spring-web-query-core-0.5.0-sources.jar
[INFO] Installing /home/runner/work/spring-web-query/spring-web-query/spring-web-query-core/target/spring-web-query-core-0.5.0.jar.asc to /home/runner/.m2/repository/in/co/akshitbansal/spring-web-query-core/0.5.0/spring-web-query-core-0.5.0.jar.asc
[INFO] Installing /home/runner/work/spring-web-query/spring-web-query/spring-web-query-core/target/spring-web-query-core-0.5.0.pom.asc to /home/runner/.m2/repository/in/co/akshitbansal/spring-web-query-core/0.5.0/spring-web-query-core-0.5.0.pom.asc
[INFO] Installing /home/runner/work/spring-web-query/spring-web-query/spring-web-query-core/target/spring-web-query-core-0.5.0-javadoc.jar.asc to /home/runner/.m2/repository/in/co/akshitbansal/spring-web-query-core/0.5.0/spring-web-query-core-0.5.0-javadoc.jar.asc
[INFO] Installing /home/runner/work/spring-web-query/spring-web-query/spring-web-query-core/target/spring-web-query-core-0.5.0-sources.jar.asc to /home/runner/.m2/repository/in/co/akshitbansal/spring-web-query-core/0.5.0/spring-web-query-core-0.5.0-sources.jar.asc
[INFO] 
[INFO] --- central-publishing:0.10.0:publish (injected-central-publishing) @ spring-web-query-core ---
[INFO] Using Central baseUrl: https://central.sonatype.com
[INFO] Using credentials from server id central in settings.xml
[INFO] Using Usertoken auth, with namecode: fCyjBm
[INFO] Staging 7 files
[INFO] Staging /home/runner/work/spring-web-query/spring-web-query/spring-web-query-core/target/spring-web-query-core-0.5.0.jar
[INFO] Installing /home/runner/work/spring-web-query/spring-web-query/spring-web-query-core/target/spring-web-query-core-0.5.0.jar to /home/runner/work/spring-web-query/spring-web-query/spring-web-query-core/target/central-staging/in/co/akshitbansal/spring-web-query-core/0.5.0/spring-web-query-core-0.5.0.jar
[INFO] Installing /home/runner/work/spring-web-query/spring-web-query/spring-web-query-core/pom.xml to /home/runner/work/spring-web-query/spring-web-query/spring-web-query-core/target/central-staging/in/co/akshitbansal/spring-web-query-core/0.5.0/spring-web-query-core-0.5.0.pom
[INFO] Staging /home/runner/work/spring-web-query/spring-web-query/spring-web-query-core/target/spring-web-query-core-0.5.0-javadoc.jar
[INFO] Installing /home/runner/work/spring-web-query/spring-web-query/spring-web-query-core/target/spring-web-query-core-0.5.0-javadoc.jar to /home/runner/work/spring-web-query/spring-web-query/spring-web-query-core/target/central-staging/in/co/akshitbansal/spring-web-query-core/0.5.0/spring-web-query-core-0.5.0-javadoc.jar
[INFO] Staging /home/runner/work/spring-web-query/spring-web-query/spring-web-query-core/target/spring-web-query-core-0.5.0-sources.jar
[INFO] Installing /home/runner/work/spring-web-query/spring-web-query/spring-web-query-core/target/spring-web-query-core-0.5.0-sources.jar to /home/runner/work/spring-web-query/spring-web-query/spring-web-query-core/target/central-staging/in/co/akshitbansal/spring-web-query-core/0.5.0/spring-web-query-core-0.5.0-sources.jar
[INFO] Staging /home/runner/work/spring-web-query/spring-web-query/spring-web-query-core/target/spring-web-query-core-0.5.0.jar.asc
[INFO] Installing /home/runner/work/spring-web-query/spring-web-query/spring-web-query-core/target/spring-web-query-core-0.5.0.jar.asc to /home/runner/work/spring-web-query/spring-web-query/spring-web-query-core/target/central-staging/in/co/akshitbansal/spring-web-query-core/0.5.0/spring-web-query-core-0.5.0.jar.asc
[INFO] Staging /home/runner/work/spring-web-query/spring-web-query/spring-web-query-core/target/spring-web-query-core-0.5.0.pom.asc
[INFO] Installing /home/runner/work/spring-web-query/spring-web-query/spring-web-query-core/target/spring-web-query-core-0.5.0.pom.asc to /home/runner/work/spring-web-query/spring-web-query/spring-web-query-core/target/central-staging/in/co/akshitbansal/spring-web-query-core/0.5.0/spring-web-query-core-0.5.0.pom.asc
[INFO] Staging /home/runner/work/spring-web-query/spring-web-query/spring-web-query-core/target/spring-web-query-core-0.5.0-javadoc.jar.asc
[INFO] Installing /home/runner/work/spring-web-query/spring-web-query/spring-web-query-core/target/spring-web-query-core-0.5.0-javadoc.jar.asc to /home/runner/work/spring-web-query/spring-web-query/spring-web-query-core/target/central-staging/in/co/akshitbansal/spring-web-query-core/0.5.0/spring-web-query-core-0.5.0-javadoc.jar.asc
[INFO] Staging /home/runner/work/spring-web-query/spring-web-query/spring-web-query-core/target/spring-web-query-core-0.5.0-sources.jar.asc
[INFO] Installing /home/runner/work/spring-web-query/spring-web-query/spring-web-query-core/target/spring-web-query-core-0.5.0-sources.jar.asc to /home/runner/work/spring-web-query/spring-web-query/spring-web-query-core/target/central-staging/in/co/akshitbansal/spring-web-query-core/0.5.0/spring-web-query-core-0.5.0-sources.jar.asc
[INFO] Pre Bundling - deleted /home/runner/work/spring-web-query/spring-web-query/spring-web-query-core/target/central-staging/in/co/akshitbansal/spring-web-query-core/maven-metadata-central-staging.xml
[INFO] Generate checksums for dir: in/co/akshitbansal/spring-web-query-core/0.5.0
[INFO] Going to create /home/runner/work/spring-web-query/spring-web-query/spring-web-query-core/target/central-publishing/central-bundle.zip by bundling content at /home/runner/work/spring-web-query/spring-web-query/spring-web-query-core/target/central-staging
[INFO] Created bundle successfully /home/runner/work/spring-web-query/spring-web-query/spring-web-query-core/target/central-staging/central-bundle.zip
[INFO] Going to upload /home/runner/work/spring-web-query/spring-web-query/spring-web-query-core/target/central-publishing/central-bundle.zip
[INFO] Uploaded bundle successfully, deployment name: Deployment, deploymentId: e37854e7-d35f-4db4-a95c-3d5162c500df. Deployment will require manual publishing
[INFO] Waiting until Deployment e37854e7-d35f-4db4-a95c-3d5162c500df is validated
[INFO] Deployment e37854e7-d35f-4db4-a95c-3d5162c500df has been validated. To finish publishing visit https://central.sonatype.com/publishing/deployments
[INFO] ------------------------------------------------------------------------
[INFO] BUILD SUCCESS
[INFO] ------------------------------------------------------------------------
[INFO] Total time:  18.747 s
[INFO] Finished at: 2026-03-21T18:07:13Z
[INFO] ------------------------------------------------------------------------
